Added Component: Designator=C14(CAPPA6100W80L2700D850)
Add component (AddParameter): Name = "Arrow Part Number"; Value = ""; VariantName = "[No Variations]"
Add component (AddParameter): Name = "Arrow Price/Stock"; Value = ""; VariantName = "[No Variations]"
Add component (AddParameter): Name = "Datasheet Link"; Value = "https://eu.mouser.com/datasheet/2/293/polypropylene_pws_fe578c43e0-2889090.pdf"; VariantName = "[No Variations]"
Add component (AddParameter): Name = "Manufacturer_Name"; Value = "Nichicon"; VariantName = "[No Variations]"
Add component (AddParameter): Name = "Manufacturer_Part_Number"; Value = "PWS2152100KG"; VariantName = "[No Variations]"
Add component (AddParameter): Name = "Mouser Part Number"; Value = ""; VariantName = "[No Variations]"
Add component (AddParameter): Name = "Mouser Price/Stock"; Value = ""; VariantName = "[No Variations]"
Added Component: Designator=R7(TO508P438X1010X1539-2P)
Add component (AddParameter): Name = "Datasheet Link"; Value = "https://www.bourns.com/docs/product-datasheets/pwr220t-20.pdf?sfvrsn=85de74b5_4"; VariantName = "[No Variations]"
Add component (AddParameter): Name = "Height"; Value = "4.38mm"; VariantName = "[No Variations]"
Add component (AddParameter): Name = "Manufacturer_Name"; Value = "Bourns"; VariantName = "[No Variations]"
Add component (AddParameter): Name = "Manufacturer_Part_Number"; Value = "PWR220T-20-2R00F"; VariantName = "[No Variations]"
Add component (AddParameter): Name = "Mouser2 Part Number"; Value = ""; VariantName = "[No Variations]"
Add component (AddParameter): Name = "Mouser2 Price/Stock"; Value = ""; VariantName = "[No Variations]"
Added Component: Designator=R8(TO508P438X1010X1539-2P)
Add component (AddParameter): Name = "Datasheet Link"; Value = "https://www.bourns.com/docs/product-datasheets/pwr220t-20.pdf?sfvrsn=85de74b5_4"; VariantName = "[No Variations]"
Add component (AddParameter): Name = "Height"; Value = "4.38mm"; VariantName = "[No Variations]"
Add component (AddParameter): Name = "Manufacturer_Name"; Value = "Bourns"; VariantName = "[No Variations]"
Add component (AddParameter): Name = "Manufacturer_Part_Number"; Value = "PWR220T-20-2R00F"; VariantName = "[No Variations]"
Add component (AddParameter): Name = "Mouser2 Part Number"; Value = ""; VariantName = "[No Variations]"
Add component (AddParameter): Name = "Mouser2 Price/Stock"; Value = ""; VariantName = "[No Variations]"
Added Component: Designator=R9(TO508P438X1010X1539-2P)
Add component (AddParameter): Name = "Datasheet Link"; Value = "https://www.bourns.com/docs/product-datasheets/pwr220t-20.pdf?sfvrsn=85de74b5_4"; VariantName = "[No Variations]"
Add component (AddParameter): Name = "Height"; Value = "4.38mm"; VariantName = "[No Variations]"
Add component (AddParameter): Name = "Manufacturer_Name"; Value = "Bourns"; VariantName = "[No Variations]"
Add component (AddParameter): Name = "Manufacturer_Part_Number"; Value = "PWR220T-20-2R00F"; VariantName = "[No Variations]"
Add component (AddParameter): Name = "Mouser2 Part Number"; Value = ""; VariantName = "[No Variations]"
Add component (AddParameter): Name = "Mouser2 Price/Stock"; Value = ""; VariantName = "[No Variations]"
Added Pin To Net: NetName=COIL_RETURN Pin=C14-1
Added Pin To Net: NetName=GND Pin=R9-2
Added Pin To Net: NetName=NetC14_2 Pin=C14-2
Added Pin To Net: NetName=NetC14_2 Pin=R7-1
Added Net: Name=NetC14_2
Added Pin To Net: NetName=NetR7_2 Pin=R7-2
Added Pin To Net: NetName=NetR7_2 Pin=R8-1
Added Net: Name=NetR7_2
Added Pin To Net: NetName=NetR8_2 Pin=R8-2
Added Pin To Net: NetName=NetR8_2 Pin=R9-1
Added Net: Name=NetR8_2
Added Member To Class: ClassName=IGBT Driver Circuit Member=Component C14 PWS2152100KG
Added Member To Class: ClassName=IGBT Driver Circuit Member=Component R7 PWR220T-20-2R00F
Added Member To Class: ClassName=IGBT Driver Circuit Member=Component R8 PWR220T-20-2R00F
Added Member To Class: ClassName=IGBT Driver Circuit Member=Component R9 PWR220T-20-2R00F
Added Room: Name=12V DC
Added Room: Name=Chargin Cap 1.25kV Circuit
Added Room: Name=IGBT Driver Circuit
Added Room: Name=Pulser_Top
