Change Physical Footprint: Designator=C5 Old Footprint=C325C201K3G5TA New Footprint=C325C201K3G5TA
Change Physical Footprint: Designator=C6 Old Footprint=CAPPRD500W65D1250H2700 New Footprint=CAPPRD500W65D1250H2700
Change Physical Footprint: Designator=C7 Old Footprint=RAD-0.3 New Footprint=RAD-0.3
Change Physical Footprint: Designator=C8 Old Footprint=MKS2D041001K00KSSD New Footprint=MKS2D041001K00KSSD
Change Physical Footprint: Designator=C9 Old Footprint=RAD-0.3 New Footprint=RAD-0.3
Change Physical Footprint: Designator=C10 Old Footprint=MKP1839468134HQ New Footprint=MKP1839468134HQ
Change Physical Footprint: Designator=C11 Old Footprint=564R60GAD22 New Footprint=564R60GAD22
Change Physical Footprint: Designator=C12 Old Footprint=CAPPRD500W65D1000H1400 New Footprint=CAPPRD500W65D1000H1400
Change Physical Footprint: Designator=C13 Old Footprint=C420C104K5R5TA7200 New Footprint=C420C104K5R5TA7200
Change Physical Footprint: Designator=C14 Old Footprint=F462BY104K1L2C New Footprint=F462BY104K1L2C
Change Physical Footprint: Designator=D1 Old Footprint=DIOAD1405W86L465D235 New Footprint=DIOAD1405W86L465D235
Change Physical Footprint: Designator=D2 Old Footprint=DIOAD1405W86L465D235 New Footprint=DIOAD1405W86L465D235
Change Physical Footprint: Designator=D3 Old Footprint=TO546P530X1586X2594-2P New Footprint=TO546P530X1586X2594-2P
Change Physical Footprint: Designator=F1 Old Footprint=4527 New Footprint=4527
Change Physical Footprint: Designator=F2 Old Footprint=4527 New Footprint=4527
Change Physical Footprint: Designator=J1 Old Footprint=57-PJ60 New Footprint=57-PJ60
Change Physical Footprint: Designator=J3 Old Footprint=031-5640 New Footprint=031-5640
Change Physical Footprint: Designator=LED1 Old Footprint=5502407F New Footprint=5502407F
Change Physical Footprint: Designator=MT1 Old Footprint=MTHOLE_239mil New Footprint=MTHOLE_239mil
Change Physical Footprint: Designator=MT2 Old Footprint=MTHOLE_239mil New Footprint=MTHOLE_239mil
Change Physical Footprint: Designator=MT3 Old Footprint=MTHOLE_239mil New Footprint=MTHOLE_239mil
Change Physical Footprint: Designator=MT4 Old Footprint=MTHOLE_239mil New Footprint=MTHOLE_239mil
Change Physical Footprint: Designator=PS3 Old Footprint=C12 New Footprint=C12
Change Physical Footprint: Designator=PS4 Old Footprint=AM2G-1218DH30Z New Footprint=AM2G-1218DH30Z
Change Physical Footprint: Designator=Q1 Old Footprint=TO545P521X1594X2566-3P New Footprint=TO545P521X1594X2566-3P
Change Physical Footprint: Designator=R1 Old Footprint=CMF551K0000FKR6 New Footprint=CMF551K0000FKR6
Change Physical Footprint: Designator=R2 Old Footprint=RESAD1526W69L610D229 New Footprint=RESAD1526W69L610D229
Change Physical Footprint: Designator=R3 Old Footprint=F2W2D0 New Footprint=F2W2D0
Change Physical Footprint: Designator=R4 Old Footprint=MFR-25FBF52-14K New Footprint=MFR-25FBF52-14K
Change Physical Footprint: Designator=R5 Old Footprint=HHV1WSJT-73-2M New Footprint=HHV1WSJT-73-2M
Change Physical Footprint: Designator=R6 Old Footprint=HB3100MFZRE New Footprint=HB3100MFZRE
Change Physical Footprint: Designator=R7 Old Footprint=PWR221T-50-2R00F New Footprint=PWR221T-50-2R00F
Change Physical Footprint: Designator=SW1 Old Footprint=T102SHCQE New Footprint=T102SHCQE
Change Physical Footprint: Designator=TB1 Old Footprint=1984617 New Footprint=1984617
Change Physical Footprint: Designator=TB2 Old Footprint=1984617 New Footprint=1984617
Change Physical Footprint: Designator=TP1 Old Footprint=5261 New Footprint=5261
Change Physical Footprint: Designator=TP2 Old Footprint=5261 New Footprint=5261
Change Physical Footprint: Designator=TP3 Old Footprint=5261 New Footprint=5261
Change Physical Footprint: Designator=TP4 Old Footprint=5261 New Footprint=5261
Change Physical Footprint: Designator=U1 Old Footprint=DIP762W57P254L952H343Q8N New Footprint=DIP762W57P254L952H343Q8N
Change Physical Footprint: Designator=VR1 Old Footprint=P9A1R100FISX1103MA New Footprint=P9A1R100FISX1103MA
