Added Component: Designator=C5(C325C201K3G5TA)
Add component (AddParameter): Name = "Datasheet Link"; Value = "https://www.kemet.com/specsheet/C325C201K3G5TA"; VariantName = "[No Variations]"
Add component (AddParameter): Name = "Height"; Value = "7.62mm"; VariantName = "[No Variations]"
Add component (AddParameter): Name = "Manufacturer_Name"; Value = "Kemet"; VariantName = "[No Variations]"
Add component (AddParameter): Name = "Manufacturer_Part_Number"; Value = "C325C201K3G5TA"; VariantName = "[No Variations]"
Add component (AddParameter): Name = "Mouser2 Part Number"; Value = ""; VariantName = "[No Variations]"
Add component (AddParameter): Name = "Mouser2 Price/Stock"; Value = ""; VariantName = "[No Variations]"
Added Component: Designator=R2(RESAD1526W69L610D229)
Add component (AddParameter): Name = "Datasheet Link"; Value = "http://www.vishay.com/docs/31018/cmfind.pdf"; VariantName = "[No Variations]"
Add component (AddParameter): Name = "Manufacturer_Name"; Value = "Vishay"; VariantName = "[No Variations]"
Add component (AddParameter): Name = "Manufacturer_Part_Number"; Value = "CMF5550R000FKEK70"; VariantName = "[No Variations]"
Add component (AddParameter): Name = "Mouser2 Part Number"; Value = ""; VariantName = "[No Variations]"
Add component (AddParameter): Name = "Mouser2 Price/Stock"; Value = ""; VariantName = "[No Variations]"
Added Component: Designator=R3(RESC3216X46N)
Add component (AddParameter): Name = "Datasheet Link"; Value = "https://componentsearchengine.com/Datasheets/1/PCNM1206K2R00FST5.pdf"; VariantName = "[No Variations]"
Add component (AddParameter): Name = "Height"; Value = "0.457mm"; VariantName = "[No Variations]"
Add component (AddParameter): Name = "Manufacturer_Name"; Value = "Vishay"; VariantName = "[No Variations]"
Add component (AddParameter): Name = "Manufacturer_Part_Number"; Value = "PCNM1206K2R00FST5"; VariantName = "[No Variations]"
Add component (AddParameter): Name = "Mouser2 Part Number"; Value = ""; VariantName = "[No Variations]"
Add component (AddParameter): Name = "Mouser2 Price/Stock"; Value = ""; VariantName = "[No Variations]"
Added Pin To Net: NetName=TRIGGER Pin=C5-1
Added Pin To Net: NetName=GND Pin=C5-2
Added Pin To Net: NetName=TRIGGER Pin=R2-1
Added Pin To Net: NetName=GND Pin=R2-2
Added Pin To Net: NetName=NetR3_1 Pin=R3-1
Added Pin To Net: NetName=NetQ1_1 Pin=R3-2
Added Member To Class: ClassName=12V DC Member=Component C5 C325C201K3G5TA
Added Member To Class: ClassName=12V DC Member=Component R2 CMF5550R000FKEK70
Added Member To Class: ClassName=IGBT Driver Circuit Member=Component R3 PCNM1206K2R00FST5
Added Room: Name=12V DC
Added Room: Name=Chargin Cap 1.25kV Circuit
Added Room: Name=IGBT Driver Circuit
Added Room: Name=Pulser_Top
